<?xml version="1.0" encoding="UTF-8"?>
<TestRun id="1c483cbf-d085-408b-a1af-2a5e54a926d2" name="Amichai@AMICHAI-PC 2011-09-14 16:03:49" runUser="Amichai-PC\Amichai" xmlns="http://microsoft.com/schemas/VisualStudio/TeamTest/2010">
  <TestSettings name="Local" id="a56485e7-5df0-4952-9175-c64a6920dc4a">
    <Description>These are default test settings for a local test run.</Description>
    <Deployment enabled="false" runDeploymentRoot="Amichai_AMICHAI-PC 2011-09-14 16_03_49">
      <DeploymentItem filename="C:\Users\Amichai\documents\visual studio 2010\Projects\RandomWalker\RandomWalker\bin\Debug\RandomWalker.exe" />
    </Deployment>
    <Execution>
      <TestTypeSpecific />
      <AgentRule name="Execution Agents">
      </AgentRule>
    </Execution>
  </TestSettings>
  <Times creation="2011-09-14T16:03:49.3421990-04:00" queuing="2011-09-14T16:04:00.4678354-04:00" start="2011-09-14T16:04:00.8428568-04:00" finish="2011-09-14T16:10:00.9254524-04:00" />
  <ResultSummary outcome="Error">
    <Counters total="1" executed="1" error="0" failed="0" timeout="0" aborted="1" inconclusive="0" passedButRunAborted="0" notRunnable="0" notExecuted="0" disconnected="0" warning="0" passed="0" completed="0" inProgress="0" pending="0" />
    <RunInfos>
      <RunInfo computerName="AMICHAI-PC" outcome="Error" timestamp="2011-09-14T16:10:00.9234523-04:00">
        <Text>Test host process exited unexpectedly.</Text>
      </RunInfo>
    </RunInfos>
  </ResultSummary>
  <TestDefinitions>
    <UnitTest name="TwoLineReflectionTest" storage="c:\users\amichai\documents\visual studio 2010\projects\randomwalker\walkertest\bin\debug\walkertest.dll" id="5bb15401-cca9-b075-b46e-cd1ba7f6a647">
      <Execution id="d964dae1-b2ca-4b1b-ac0d-6946508dfb85" />
      <TestMethod codeBase="C:/Users/Amichai/documents/visual studio 2010/Projects/RandomWalker/WalkerTest/bin/Debug/WalkerTest.DLL" adapterTypeName="Microsoft.VisualStudio.TestTools.TestTypes.Unit.UnitTestAdapter, Microsoft.VisualStudio.QualityTools.Tips.UnitTest.Adapter, Version=10.0.0.0, Culture=neutral, PublicKeyToken=b03f5f7f11d50a3a" className="WalkerTest.LineSegmentTest, WalkerTest, Version=1.0.0.0, Culture=neutral, PublicKeyToken=null" name="TwoLineReflectionTest" />
    </UnitTest>
  </TestDefinitions>
  <TestLists>
    <TestList name="Results Not in a List" id="8c84fa94-04c1-424b-9868-57a2d4851a1d" />
    <TestList name="All Loaded Results" id="19431567-8539-422a-85d7-44ee4e166bda" />
  </TestLists>
  <TestEntries>
    <TestEntry testId="5bb15401-cca9-b075-b46e-cd1ba7f6a647" executionId="d964dae1-b2ca-4b1b-ac0d-6946508dfb85" testListId="8c84fa94-04c1-424b-9868-57a2d4851a1d" />
  </TestEntries>
  <Results>
    <UnitTestResult executionId="d964dae1-b2ca-4b1b-ac0d-6946508dfb85" testId="5bb15401-cca9-b075-b46e-cd1ba7f6a647" testName="TwoLineReflectionTest" computerName="AMICHAI-PC" duration="00:05:59.7745779" startTime="2011-09-14T16:04:01.1498744-04:00" endTime="2011-09-14T16:10:00.9244523-04:00" testType="13cdc9d9-ddb5-4fa4-a97d-d965ccfc6d4b" outcome="Aborted" testListId="8c84fa94-04c1-424b-9868-57a2d4851a1d" relativeResultsDirectory="d964dae1-b2ca-4b1b-ac0d-6946508dfb85">
    </UnitTestResult>
  </Results>
</TestRun>